<?xml version="1.0" encoding="UTF-8"?>
<testsuite name="ru.netology.domain.AppCardDeliveryTest" tests="1" skipped="0" failures="0" errors="0" timestamp="2020-05-13T09:38:13" hostname="PC" time="6.957">
  <properties/>
  <testcase name="shouldSuccessPlanAndReplan()" classname="ru.netology.domain.AppCardDeliveryTest" time="6.957"/>
  <system-out><![CDATA[]]></system-out>
  <system-err><![CDATA[SLF4J: Failed to load class "org.slf4j.impl.StaticLoggerBinder".
SLF4J: Defaulting to no-operation (NOP) logger implementation
SLF4J: See http://www.slf4j.org/codes.html#StaticLoggerBinder for further details.
Starting ChromeDriver 81.0.4044.138 (8c6c7ba89cc9453625af54f11fd83179e23450fa-refs/branch-heads/4044@{#999}) on port 14896
Only local connections are allowed.
Please protect ports used by ChromeDriver and related test frameworks to prevent access by malicious code.
мая 13, 2020 12:38:17 PM org.openqa.selenium.remote.ProtocolHandshake createSession
INFO: Detected dialect: W3C
]]></system-err>
</testsuite>
