<?xml version="1.0" encoding="UTF-8"?>
<testsuite name="ru.netology.domain.AppCardDeliveryTest" tests="1" skipped="0" failures="0" errors="0" timestamp="2020-05-24T12:07:27" hostname="PC" time="7.408">
  <properties/>
  <testcase name="shouldSuccessPlanAndReplan()" classname="ru.netology.domain.AppCardDeliveryTest" time="7.408"/>
  <system-out><![CDATA[]]></system-out>
  <system-err><![CDATA[Starting ChromeDriver 83.0.4103.39 (ccbf011cb2d2b19b506d844400483861342c20cd-refs/branch-heads/4103@{#416}) on port 32205
Only local connections are allowed.
Please see https://chromedriver.chromium.org/security-considerations for suggestions on keeping ChromeDriver safe.
ChromeDriver was started successfully.
мая 24, 2020 3:07:31 PM org.openqa.selenium.remote.ProtocolHandshake createSession
INFO: Detected dialect: W3C
]]></system-err>
</testsuite>
